# JRE version: OpenJDK Runtime Environment (15.0.2+7) (build 15.0.2+7-27)
# Java VM: OpenJDK 64-Bit Server VM (15.0.2+7-27, mixed mode, tiered, compressed oops, g1 gc, windows-amd64)
GC Precious Log:
 CPUs: 4 total, 4 available
 Memory: 8101M
 Large Page Support: Disabled
 NUMA Support: Disabled
 Compressed Oops: Enabled (32-bit)
 Heap Region Size: 1M
 Heap Min Capacity: 8M
 Heap Initial Capacity: 128M
 Heap Max Capacity: 2026M
 Pre-touch: Disabled
 Parallel Workers: 4
 Concurrent Workers: 1
 Concurrent Refinement Workers: 4
 Periodic GC: Disabled
Heap:
 garbage-first heap   total 86016K, used 46072K [0x0000000081600000, 0x0000000100000000)
  region size 1024K, 23 young (23552K), 4 survivors (4096K)
 Metaspace       used 63189K, capacity 63826K, committed 64124K, reserved 1105920K
  class space    used 8141K, capacity 8347K, committed 8396K, reserved 1048576K
GC Heap History (20 events):
Event: 3.469 GC heap after
{Heap after GC invocations=10 (full 0):
 garbage-first heap   total 54272K, used 13661K [0x0000000081600000, 0x0000000100000000)
  region size 1024K, 4 young (4096K), 4 survivors (4096K)
 Metaspace       used 32095K, capacity 32585K, committed 32636K, reserved 1077248K
  class space    used 3842K, capacity 4022K, committed 4044K, reserved 1048576K
}
Event: 3.748 GC heap before
{Heap before GC invocations=10 (full 0):
 garbage-first heap   total 54272K, used 40285K [0x0000000081600000, 0x0000000100000000)
  region size 1024K, 31 young (31744K), 4 survivors (4096K)
 Metaspace       used 34119K, capacity 34604K, committed 34812K, reserved 1079296K
  class space    used 4103K, capacity 4290K, committed 4428K, reserved 1048576K
}
Event: 3.757 GC heap after
{Heap after GC invocations=11 (full 0):
 garbage-first heap   total 65536K, used 15149K [0x0000000081600000, 0x0000000100000000)
  region size 1024K, 2 young (2048K), 2 survivors (2048K)
 Metaspace       used 34119K, capacity 34604K, committed 34812K, reserved 1079296K
  class space    used 4103K, capacity 4290K, committed 4428K, reserved 1048576K
}
Event: 3.842 GC heap before
{Heap before GC invocations=11 (full 0):
 garbage-first heap   total 65536K, used 47917K [0x0000000081600000, 0x0000000100000000)
  region size 1024K, 35 young (35840K), 2 survivors (2048K)
 Metaspace       used 34582K, capacity 35116K, committed 35324K, reserved 1081344K
  class space    used 4145K, capacity 4354K, committed 4428K, reserved 1048576K
}
Event: 3.847 GC heap after
{Heap after GC invocations=12 (full 0):
 garbage-first heap   total 65536K, used 15138K [0x0000000081600000, 0x0000000100000000)
  region size 1024K, 2 young (2048K), 2 survivors (2048K)
 Metaspace       used 34582K, capacity 35116K, committed 35324K, reserved 1081344K
  class space    used 4145K, capacity 4354K, committed 4428K, reserved 1048576K
}
Event: 3.915 GC heap before
{Heap before GC invocations=12 (full 0):
 garbage-first heap   total 65536K, used 49954K [0x0000000081600000, 0x0000000100000000)
  region size 1024K, 37 young (37888K), 2 survivors (2048K)
 Metaspace       used 34833K, capacity 35308K, committed 35580K, reserved 1081344K
  class space    used 4170K, capacity 4354K, committed 4428K, reserved 1048576K
}
Event: 3.919 GC heap after
{Heap after GC invocations=13 (full 0):
 garbage-first heap   total 65536K, used 15201K [0x0000000081600000, 0x0000000100000000)
  region size 1024K, 2 young (2048K), 2 survivors (2048K)
 Metaspace       used 34833K, capacity 35308K, committed 35580K, reserved 1081344K
  class space    used 4170K, capacity 4354K, committed 4428K, reserved 1048576K
}
Event: 4.825 GC heap before
{Heap before GC invocations=13 (full 0):
 garbage-first heap   total 65536K, used 52065K [0x0000000081600000, 0x0000000100000000)
  region size 1024K, 38 young (38912K), 2 survivors (2048K)
 Metaspace       used 43042K, capacity 43597K, committed 43900K, reserved 1087488K
  class space    used 5333K, capacity 5514K, committed 5580K, reserved 1048576K
}
Event: 4.833 GC heap after
{Heap after GC invocations=14 (full 0):
 garbage-first heap   total 65536K, used 17186K [0x0000000081600000, 0x0000000100000000)
  region size 1024K, 4 young (4096K), 4 survivors (4096K)
 Metaspace       used 43042K, capacity 43597K, committed 43900K, reserved 1087488K
  class space    used 5333K, capacity 5514K, committed 5580K, reserved 1048576K
}
Event: 4.881 GC heap before
{Heap before GC invocations=14 (full 0):
 garbage-first heap   total 65536K, used 18210K [0x0000000081600000, 0x0000000100000000)
  region size 1024K, 6 young (6144K), 4 survivors (4096K)
 Metaspace       used 43577K, capacity 44109K, committed 44284K, reserved 1087488K
  class space    used 5400K, capacity 5578K, committed 5708K, reserved 1048576K
}
Event: 4.889 GC heap after
{Heap after GC invocations=15 (full 0):
 garbage-first heap   total 78848K, used 17407K [0x0000000081600000, 0x0000000100000000)
  region size 1024K, 3 young (3072K), 3 survivors (3072K)
 Metaspace       used 43577K, capacity 44109K, committed 44284K, reserved 1087488K
  class space    used 5400K, capacity 5578K, committed 5708K, reserved 1048576K
}
Event: 5.640 GC heap before
{Heap before GC invocations=16 (full 0):
 garbage-first heap   total 71680K, used 56319K [0x0000000081600000, 0x0000000100000000)
  region size 1024K, 42 young (43008K), 3 survivors (3072K)
 Metaspace       used 50401K, capacity 50961K, committed 51068K, reserved 1093632K
  class space    used 6298K, capacity 6513K, committed 6604K, reserved 1048576K
}
Event: 5.648 GC heap after
{Heap after GC invocations=17 (full 0):
 garbage-first heap   total 71680K, used 20230K [0x0000000081600000, 0x0000000100000000)
  region size 1024K, 6 young (6144K), 6 survivors (6144K)
 Metaspace       used 50401K, capacity 50961K, committed 51068K, reserved 1093632K
  class space    used 6298K, capacity 6513K, committed 6604K, reserved 1048576K
}
Event: 6.177 GC heap before
{Heap before GC invocations=17 (full 0):
 garbage-first heap   total 71680K, used 57094K [0x0000000081600000, 0x0000000100000000)
  region size 1024K, 42 young (43008K), 6 survivors (6144K)
 Metaspace       used 54942K, capacity 55460K, committed 55548K, reserved 1097728K
  class space    used 7000K, capacity 7196K, committed 7244K, reserved 1048576K
}
Event: 6.188 GC heap after
{Heap after GC invocations=18 (full 0):
 garbage-first heap   total 71680K, used 21236K [0x0000000081600000, 0x0000000100000000)
  region size 1024K, 5 young (5120K), 5 survivors (5120K)
 Metaspace       used 54942K, capacity 55460K, committed 55548K, reserved 1097728K
  class space    used 7000K, capacity 7196K, committed 7244K, reserved 1048576K
}
Event: 8.829 GC heap before
{Heap before GC invocations=18 (full 0):
 garbage-first heap   total 71680K, used 56052K [0x0000000081600000, 0x0000000100000000)
  region size 1024K, 39 young (39936K), 5 survivors (5120K)
 Metaspace       used 59167K, capacity 59799K, committed 60028K, reserved 1101824K
  class space    used 7581K, capacity 7803K, committed 7884K, reserved 1048576K
}
Event: 8.841 GC heap after
{Heap after GC invocations=19 (full 0):
 garbage-first heap   total 71680K, used 23864K [0x0000000081600000, 0x0000000100000000)
  region size 1024K, 4 young (4096K), 4 survivors (4096K)
 Metaspace       used 59167K, capacity 59799K, committed 60028K, reserved 1101824K
  class space    used 7581K, capacity 7803K, committed 7884K, reserved 1048576K
}
Event: 9.615 GC heap before
{Heap before GC invocations=19 (full 0):
 garbage-first heap   total 71680K, used 56632K [0x0000000081600000, 0x0000000100000000)
  region size 1024K, 36 young (36864K), 4 survivors (4096K)
 Metaspace       used 62984K, capacity 63645K, committed 63868K, reserved 1105920K
  class space    used 8106K, capacity 8310K, committed 8396K, reserved 1048576K
}
Event: 9.629 GC heap after
{Heap after GC invocations=20 (full 0):
 garbage-first heap   total 86016K, used 26839K [0x0000000081600000, 0x0000000100000000)
  region size 1024K, 5 young (5120K), 5 survivors (5120K)
 Metaspace       used 62984K, capacity 63645K, committed 63868K, reserved 1105920K
  class space    used 8106K, capacity 8310K, committed 8396K, reserved 1048576K
}
Event: 183.469 GC heap before
{Heap before GC invocations=20 (full 0):
 garbage-first heap   total 86016K, used 45271K [0x0000000081600000, 0x0000000100000000)
  region size 1024K, 24 young (24576K), 5 survivors (5120K)
 Metaspace       used 63189K, capacity 63826K, committed 64124K, reserved 1105920K
  class space    used 8141K, capacity 8347K, committed 8396K, reserved 1048576K
}

